23:32:02.009 [main] INFO  testCases.TC_004_FormFillDataDriven - ********TC_004_FormFillDataDriven starts********
23:32:02.051 [main] INFO  testCases.TC_004_FormFillDataDriven - ********TC_004_FormFillDataDriven starts********
23:32:02.063 [main] INFO  testCases.TC_004_FormFillDataDriven - ********TC_004_FormFillDataDriven starts********
23:32:42.544 [main] INFO  testCases.TC_004_FormFillDataDriven - ********TC_004_FormFillDataDriven starts********
23:33:05.609 [main] INFO  testCases.TC_004_FormFillDataDriven - ********TC_004_FormFillDataDriven ends********
23:33:05.641 [main] INFO  testCases.TC_004_FormFillDataDriven - ********TC_004_FormFillDataDriven starts********
23:33:16.010 [main] INFO  testCases.TC_004_FormFillDataDriven - ********TC_004_FormFillDataDriven ends********
23:33:16.015 [main] INFO  testCases.TC_004_FormFillDataDriven - ********TC_004_FormFillDataDriven starts********
23:33:26.993 [main] INFO  testCases.TC_004_FormFillDataDriven - ********TC_004_FormFillDataDriven ends********
23:33:26.998 [main] INFO  testCases.TC_004_FormFillDataDriven - ********TC_004_FormFillDataDriven starts********
23:33:39.030 [main] INFO  testCases.TC_004_FormFillDataDriven - ********TC_004_FormFillDataDriven ends********
23:33:39.037 [main] INFO  testCases.TC_004_FormFillDataDriven - ********TC_004_FormFillDataDriven starts********
23:33:49.759 [main] INFO  testCases.TC_004_FormFillDataDriven - ********TC_004_FormFillDataDriven ends********
23:33:49.764 [main] INFO  testCases.TC_004_FormFillDataDriven - ********TC_004_FormFillDataDriven starts********
23:33:59.467 [main] INFO  testCases.TC_004_FormFillDataDriven - ********TC_004_FormFillDataDriven ends********
23:33:59.473 [main] INFO  testCases.TC_004_FormFillDataDriven - ********TC_004_FormFillDataDriven starts********
23:34:20.500 [main] INFO  testCases.TC_004_FormFillDataDriven - ********TC_004_FormFillDataDriven ends********
23:34:20.505 [main] INFO  testCases.TC_004_FormFillDataDriven - ********TC_004_FormFillDataDriven starts********
23:34:31.407 [main] INFO  testCases.TC_004_FormFillDataDriven - ********TC_004_FormFillDataDriven ends********
23:34:31.413 [main] INFO  testCases.TC_004_FormFillDataDriven - ********TC_004_FormFillDataDriven starts********
23:34:53.175 [main] INFO  testCases.TC_004_FormFillDataDriven - ********TC_004_FormFillDataDriven ends********
23:35:54.697 [main] INFO  testCases.TC_004_FormFillDataDriven - ********TC_004_FormFillDataDriven starts********
23:36:18.805 [main] INFO  testCases.TC_004_FormFillDataDriven - ********TC_004_FormFillDataDriven ends********
23:36:18.818 [main] INFO  testCases.TC_004_FormFillDataDriven - ********TC_004_FormFillDataDriven starts********
23:36:26.750 [main] INFO  testCases.TC_004_FormFillDataDriven - ********TC_004_FormFillDataDriven ends********
23:36:26.753 [main] INFO  testCases.TC_004_FormFillDataDriven - ********TC_004_FormFillDataDriven starts********
23:36:34.952 [main] INFO  testCases.TC_004_FormFillDataDriven - ********TC_004_FormFillDataDriven ends********
23:36:34.956 [main] INFO  testCases.TC_004_FormFillDataDriven - ********TC_004_FormFillDataDriven starts********
23:36:43.144 [main] INFO  testCases.TC_004_FormFillDataDriven - ********TC_004_FormFillDataDriven ends********
23:36:43.150 [main] INFO  testCases.TC_004_FormFillDataDriven - ********TC_004_FormFillDataDriven starts********
23:36:50.949 [main] INFO  testCases.TC_004_FormFillDataDriven - ********TC_004_FormFillDataDriven ends********
23:36:50.952 [main] INFO  testCases.TC_004_FormFillDataDriven - ********TC_004_FormFillDataDriven starts********
23:36:57.170 [main] INFO  testCases.TC_004_FormFillDataDriven - ********TC_004_FormFillDataDriven starts********
23:36:57.177 [main] INFO  testCases.TC_004_FormFillDataDriven - ********TC_004_FormFillDataDriven starts********
23:36:57.183 [main] INFO  testCases.TC_004_FormFillDataDriven - ********TC_004_FormFillDataDriven starts********
23:37:40.498 [main] INFO  testCases.TC_001_WebDevlopment - *********TC_001_WebDevlopment starts**********
23:37:57.251 [main] INFO  testCases.TC_001_WebDevlopment - *********TC_001_WebDevlopment ends**********
23:38:06.681 [main] INFO  testCases.TC_002_LanguageLearning - ********TC_002_languageLearning Starts********
23:38:06.681 [main] INFO  testCases.TC_002_LanguageLearning - test started
23:38:17.983 [main] INFO  testCases.TC_002_LanguageLearning - ********TC_002_languageLearning Ends********
23:38:33.492 [main] INFO  testCases.TC_003_FormFill - *********TC_003_FormFill starts**********
23:38:54.131 [main] INFO  testCases.TC_003_FormFill - *********TC_003_FormFill ends**********
23:39:10.925 [main] INFO  testCases.TC_004_FormFillDataDriven - ********TC_004_FormFillDataDriven starts********
23:39:34.885 [main] INFO  testCases.TC_004_FormFillDataDriven - ********TC_004_FormFillDataDriven ends********
23:39:34.889 [main] INFO  testCases.TC_004_FormFillDataDriven - ********TC_004_FormFillDataDriven starts********
23:39:43.459 [main] INFO  testCases.TC_004_FormFillDataDriven - ********TC_004_FormFillDataDriven ends********
