23:39:43.461 [main] INFO  testCases.TC_004_FormFillDataDriven - ********TC_004_FormFillDataDriven starts********
23:39:51.587 [main] INFO  testCases.TC_004_FormFillDataDriven - ********TC_004_FormFillDataDriven ends********
23:39:51.591 [main] INFO  testCases.TC_004_FormFillDataDriven - ********TC_004_FormFillDataDriven starts********
23:40:00.350 [main] INFO  testCases.TC_004_FormFillDataDriven - ********TC_004_FormFillDataDriven ends********
23:40:00.353 [main] INFO  testCases.TC_004_FormFillDataDriven - ********TC_004_FormFillDataDriven starts********
23:40:08.774 [main] INFO  testCases.TC_004_FormFillDataDriven - ********TC_004_FormFillDataDriven ends********
23:40:08.780 [main] INFO  testCases.TC_004_FormFillDataDriven - ********TC_004_FormFillDataDriven starts********
23:40:17.848 [main] INFO  testCases.TC_004_FormFillDataDriven - ********TC_004_FormFillDataDriven ends********
23:40:17.854 [main] INFO  testCases.TC_004_FormFillDataDriven - ********TC_004_FormFillDataDriven starts********
23:40:36.528 [main] INFO  testCases.TC_004_FormFillDataDriven - ********TC_004_FormFillDataDriven ends********
23:40:36.531 [main] INFO  testCases.TC_004_FormFillDataDriven - ********TC_004_FormFillDataDriven starts********
23:40:44.123 [main] INFO  testCases.TC_004_FormFillDataDriven - ********TC_004_FormFillDataDriven ends********
23:40:44.125 [main] INFO  testCases.TC_004_FormFillDataDriven - ********TC_004_FormFillDataDriven starts********
23:41:02.265 [main] INFO  testCases.TC_004_FormFillDataDriven - ********TC_004_FormFillDataDriven ends********
09:25:29.200 [main] INFO  testCases.TC_001_WebDevlopment - *********TC_001_WebDevlopment starts**********
09:25:47.241 [main] INFO  testCases.TC_001_WebDevlopment - *********TC_001_WebDevlopment ends**********
09:26:00.123 [main] INFO  testCases.TC_002_LanguageLearning - ********TC_002_languageLearning Starts********
09:26:00.123 [main] INFO  testCases.TC_002_LanguageLearning - test started
09:26:12.474 [main] INFO  testCases.TC_002_LanguageLearning - ********TC_002_languageLearning Ends********
09:26:24.230 [main] INFO  testCases.TC_003_FormFill - *********TC_003_FormFill starts**********
09:26:48.514 [main] INFO  testCases.TC_003_FormFill - *********TC_003_FormFill ends**********
09:27:10.421 [main] INFO  testCases.TC_004_FormFillDataDriven - ********TC_004_FormFillDataDriven starts********
09:27:30.900 [main] INFO  testCases.TC_004_FormFillDataDriven - ********TC_004_FormFillDataDriven ends********
09:27:30.907 [main] INFO  testCases.TC_004_FormFillDataDriven - ********TC_004_FormFillDataDriven starts********
09:27:40.789 [main] INFO  testCases.TC_004_FormFillDataDriven - ********TC_004_FormFillDataDriven ends********
09:27:40.794 [main] INFO  testCases.TC_004_FormFillDataDriven - ********TC_004_FormFillDataDriven starts********
09:27:50.931 [main] INFO  testCases.TC_004_FormFillDataDriven - ********TC_004_FormFillDataDriven ends********
09:27:50.935 [main] INFO  testCases.TC_004_FormFillDataDriven - ********TC_004_FormFillDataDriven starts********
09:28:00.967 [main] INFO  testCases.TC_004_FormFillDataDriven - ********TC_004_FormFillDataDriven ends********
09:28:00.972 [main] INFO  testCases.TC_004_FormFillDataDriven - ********TC_004_FormFillDataDriven starts********
09:28:10.538 [main] INFO  testCases.TC_004_FormFillDataDriven - ********TC_004_FormFillDataDriven ends********
09:28:10.542 [main] INFO  testCases.TC_004_FormFillDataDriven - ********TC_004_FormFillDataDriven starts********
09:28:19.970 [main] INFO  testCases.TC_004_FormFillDataDriven - ********TC_004_FormFillDataDriven ends********
09:28:19.975 [main] INFO  testCases.TC_004_FormFillDataDriven - ********TC_004_FormFillDataDriven starts********
09:28:40.502 [main] INFO  testCases.TC_004_FormFillDataDriven - ********TC_004_FormFillDataDriven ends********
09:28:40.505 [main] INFO  testCases.TC_004_FormFillDataDriven - ********TC_004_FormFillDataDriven starts********
09:28:49.996 [main] INFO  testCases.TC_004_FormFillDataDriven - ********TC_004_FormFillDataDriven ends********
09:28:50.000 [main] INFO  testCases.TC_004_FormFillDataDriven - ********TC_004_FormFillDataDriven starts********
09:29:10.010 [main] INFO  testCases.TC_004_FormFillDataDriven - ********TC_004_FormFillDataDriven ends********
